{"/Users/jukkrid/Documents/jest-tsting/utils/client.js": {"path":"/Users/jukkrid/Documents/jest-tsting/utils/client.js","statementMap":{"0":{"start":{"line":5,"column":16},"end":{"line":5,"column":56}},"1":{"start":{"line":6,"column":0},"end":{"line":23,"column":3}},"2":{"start":{"line":7,"column":49},"end":{"line":7,"column":57}},"3":{"start":{"line":8,"column":15},"end":{"line":21,"column":3}},"4":{"start":{"line":22,"column":2},"end":{"line":22,"column":46}}},"fnMap":{"0":{"name":"(anonymous_0)","decl":{"start":{"line":6,"column":23},"end":{"line":6,"column":24}},"loc":{"start":{"line":6,"column":43},"end":{"line":23,"column":1}},"line":6}},"branchMap":{},"s":{"0":1,"1":1,"2":3,"3":3,"4":3},"f":{"0":3},"b":{},"_coverageSchema":"1a1c01bbd47fc00a2c39e90264f33305004495a9","hash":"993aa92c00e0f1f9583bd5828e4be332d9f33209"}
}
